\BOOKMARK [1][-]{section*.1}{\376\377\000\173\000I\000n\000t\000r\000o\000d\000u\000c\000t\000i\000o\000n\000\175}{}% 1
\BOOKMARK [2][-]{section*.2}{\376\377\000\173\000C\000o\000n\000t\000e\000x\000t\000e\000\175}{section*.1}% 2
\BOOKMARK [2][-]{section*.9}{\376\377\000\173\000O\000b\000j\000e\000c\000t\000i\000f\000s\000\175}{section*.1}% 3
\BOOKMARK [1][-]{section*.10}{\376\377\000M\000a\000t\000\351\000r\000i\000e\000l\000s\000\040\000e\000t\000\040\000m\000\351\000t\000h\000o\000d\000e\000s}{}% 4
\BOOKMARK [2][-]{section*.11}{\376\377\000\173\000J\000e\000u\000\040\000d\000e\000\040\000d\000o\000n\000n\000\351\000e\000s\000\040\000e\000t\000\040\000p\000a\000c\000k\000a\000g\000e\000\040\000D\000E\000S\000e\000q\0002\000\175}{section*.10}% 5
\BOOKMARK [2][-]{section*.12}{\376\377\000\173\000P\000a\000c\000k\000a\000g\000e\000s\000\175}{section*.10}% 6
\BOOKMARK [3][-]{section*.13}{\376\377\000D\000E\000S\000e\000q\0002}{section*.12}% 7
\BOOKMARK [4][-]{section*.14}{\376\377\000A\000n\000a\000l\000y\000s\000e\000\040\000d\000'\000e\000x\000p\000r\000e\000s\000s\000i\000o\000n\000\040\000d\000i\000f\000f\000\351\000r\000e\000n\000t\000i\000e\000l\000l\000e}{section*.13}% 8
\BOOKMARK [3][-]{section*.15}{\376\377\000\173\000C\000r\000\351\000a\000t\000i\000o\000n\000\040\000d\000e\000\040\000l\000'\000a\000p\000p\000l\000i\000c\000a\000t\000i\000o\000n\000\175}{section*.12}% 9
\BOOKMARK [4][-]{section*.16}{\376\377\000S\000h\000i\000n\000y}{section*.15}% 10
\BOOKMARK [4][-]{section*.17}{\376\377\000S\000h\000i\000n\000y\000d\000a\000s\000h\000b\000o\000a\000r\000d}{section*.15}% 11
\BOOKMARK [3][-]{section*.18}{\376\377\000\173\000R\000\351\000d\000a\000c\000t\000i\000o\000n\000\040\000d\000u\000\040\000r\000a\000p\000p\000o\000r\000t\000\175}{section*.12}% 12
\BOOKMARK [4][-]{section*.19}{\376\377\000M\000a\000r\000k\000d\000o\000w\000n}{section*.18}% 13
\BOOKMARK [1][-]{section*.20}{\376\377\000\173\000R\000\351\000s\000u\000l\000t\000a\000t\000s\000\175}{}% 14
\BOOKMARK [2][-]{section*.21}{\376\377\000\173\000A\000n\000a\000l\000y\000s\000e\000\040\000d\000e\000\040\000d\000o\000n\000n\000\351\000e\000s\000\040\000R\000N\000A\000-\000s\000e\000q\000\175}{section*.20}% 15
\BOOKMARK [2][-]{section*.22}{\376\377\000\173\000A\000p\000p\000l\000i\000c\000a\000t\000i\000o\000n\000\040\000R\000S\000h\000i\000n\000y\000\175}{section*.20}% 16
\BOOKMARK [2][-]{section*.23}{\376\377\000\173\000A\000p\000p\000l\000i\000c\000a\000t\000i\000o\000n\000\040\000R\000S\000h\000i\000n\000y\000\175}{section*.20}% 17
\BOOKMARK [3][-]{section*.24}{\376\377\000\173\000P\000a\000r\000t\000i\000e\000\040\0001\000\040\000:\000\040\000I\000n\000f\000o\000r\000m\000a\000t\000i\000o\000n\000s\000\175}{section*.23}% 18
\BOOKMARK [3][-]{section*.25}{\376\377\000\173\000P\000a\000r\000t\000i\000e\000\040\0002\000\040\000:\000\040\000I\000m\000p\000o\000r\000t\000a\000t\000i\000o\000n\000\040\000d\000e\000s\000\040\000d\000o\000n\000n\000\351\000e\000s\000\175}{section*.23}% 19
\BOOKMARK [3][-]{section*.26}{\376\377\000\173\000P\000a\000r\000t\000i\000e\000\040\0003\000\040\000:\000\040\000D\000E\000S\000e\000q\0002\000\175}{section*.23}% 20
\BOOKMARK [3][-]{section*.27}{\376\377\000\173\000P\000a\000r\000t\000i\000e\000\040\0004\000\040\000:\000\040\000R\000\351\000s\000u\000l\000t\000a\000t\000s\000\175}{section*.23}% 21
\BOOKMARK [3][-]{section*.28}{\376\377\000\173\000C\000u\000s\000t\000o\000m\000i\000s\000a\000t\000i\000o\000n\000\175}{section*.23}% 22
\BOOKMARK [1][-]{section*.29}{\376\377\000\173\000C\000o\000n\000c\000l\000u\000s\000i\000o\000n\000\040\000e\000t\000\040\000p\000e\000r\000s\000p\000e\000c\000t\000i\000v\000e\000s\000\175}{}% 23
\BOOKMARK [1][-]{section*.30}{\376\377\000\173\000B\000i\000b\000l\000i\000o\000g\000r\000a\000p\000h\000i\000e\000\175}{}% 24
\BOOKMARK [1][-]{section*.31}{\376\377\000\173\000R\000\351\000s\000u\000m\000\351\000\175}{}% 25
\BOOKMARK [1][-]{section*.32}{\376\377\000\173\000A\000b\000s\000t\000r\000a\000c\000t\000\175}{}% 26
\BOOKMARK [1][-]{section*.33}{\376\377\000\173\000A\000n\000n\000e\000x\000e\000\040\0001\000\040\000:\000\040\000S\000c\000r\000i\000p\000t\000\040\000R\000\040\000p\000o\000u\000r\000\040\000l\000'\000a\000n\000a\000l\000y\000s\000e\000\040\000R\000N\000A\000s\000e\000q\000\040\000v\000i\000a\000\040\000D\000E\000S\000e\000q\0002\000\175}{}% 27
\BOOKMARK [1][-]{section*.34}{\376\377\000\173\000A\000n\000n\000e\000x\000e\000\040\0002\000\040\000:\000\040\000S\000c\000r\000i\000p\000t\000s\000\040\000R\000\040\000p\000o\000u\000r\000\040\000l\000'\000a\000p\000p\000l\000i\000c\000a\000t\000i\000o\000n\000\040\000S\000h\000i\000n\000y\000\175}{}% 28
\BOOKMARK [2][-]{section*.35}{\376\377\000\173\0002\000.\0001\000\040\000I\000n\000t\000e\000r\000f\000a\000c\000e\000\040\000u\000t\000i\000l\000i\000s\000a\000t\000e\000u\000r\000\175}{section*.34}% 29
\BOOKMARK [2][-]{section*.36}{\376\377\000\173\0002\000.\0002\000\040\000S\000e\000r\000v\000e\000u\000r\000\175}{section*.34}% 30
\BOOKMARK [2][-]{section*.37}{\376\377\000\173\0002\000.\0003\000\040\000F\000o\000n\000c\000t\000i\000o\000n\000s\000\175}{section*.34}% 31
