\BOOKMARK [1][-]{section*.1}{\376\377\000I\000n\000t\000r\000o\000d\000u\000c\000t\000i\000o\000n}{}% 1
\BOOKMARK [2][-]{section*.2}{\376\377\000C\000o\000n\000t\000e\000x\000t\000e}{section*.1}% 2
\BOOKMARK [2][-]{section*.9}{\376\377\000O\000b\000j\000e\000c\000t\000i\000f\000s}{section*.1}% 3
\BOOKMARK [1][-]{section*.10}{\376\377\000M\000a\000t\000\351\000r\000i\000e\000l\000s\000\040\000e\000t\000\040\000m\000\351\000t\000h\000o\000d\000e\000s}{}% 4
\BOOKMARK [2][-]{section*.11}{\376\377\000P\000a\000c\000k\000a\000g\000e\000s}{section*.10}% 5
\BOOKMARK [3][-]{section*.12}{\376\377\000A\000n\000a\000l\000y\000s\000e\000\040\000R\000N\000A\000s\000e\000q}{section*.11}% 6
\BOOKMARK [4][-]{section*.13}{\376\377\000D\000E\000S\000e\000q\0002}{section*.12}% 7
\BOOKMARK [4][-]{section*.14}{\376\377\000g\000p\000l\000o\000t\000\040\000e\000t\000\040\000g\000g\000r\000e\000p\000e\000l}{section*.12}% 8
\BOOKMARK [4][-]{section*.15}{\376\377\000T\000i\000d\000y\000v\000e\000r\000s\000e}{section*.12}% 9
\BOOKMARK [4][-]{section*.16}{\376\377\000N\000M\000F}{section*.12}% 10
\BOOKMARK [3][-]{section*.17}{\376\377\000C\000r\000\351\000a\000t\000i\000o\000n\000\040\000d\000e\000\040\000l\000'\000a\000p\000p\000l\000i\000c\000a\000t\000i\000o\000n}{section*.11}% 11
\BOOKMARK [4][-]{section*.18}{\376\377\000S\000h\000i\000n\000y}{section*.17}% 12
\BOOKMARK [4][-]{section*.19}{\376\377\000S\000h\000i\000n\000y\000d\000a\000s\000h\000b\000o\000a\000r\000d}{section*.17}% 13
\BOOKMARK [4][-]{section*.20}{\376\377\000A\000u\000t\000r\000e\000s}{section*.17}% 14
\BOOKMARK [3][-]{section*.21}{\376\377\000R\000\351\000d\000a\000c\000t\000i\000o\000n\000\040\000d\000u\000\040\000r\000a\000p\000p\000o\000r\000t}{section*.11}% 15
\BOOKMARK [4][-]{section*.22}{\376\377\000M\000a\000r\000k\000d\000o\000w\000n}{section*.21}% 16
\BOOKMARK [4][-]{section*.23}{\376\377\000L\000a\000T\000e\000X}{section*.21}% 17
\BOOKMARK [2][-]{section*.24}{\376\377\000J\000e\000u\000\040\000d\000e\000\040\000d\000o\000n\000n\000\351\000e\000s}{section*.10}% 18
\BOOKMARK [1][-]{section*.25}{\376\377\000R\000\351\000s\000u\000l\000t\000a\000t\000s}{}% 19
\BOOKMARK [2][-]{section*.26}{\376\377\000A\000n\000a\000l\000y\000s\000e\000\040\000d\000e\000\040\000d\000o\000n\000n\000\351\000e\000s\000\040\000R\000N\000A\000-\000s\000e\000q}{section*.25}% 20
\BOOKMARK [2][-]{section*.27}{\376\377\000A\000p\000p\000l\000i\000c\000a\000t\000i\000o\000n\000\040\000R\000S\000h\000i\000n\000y}{section*.25}% 21
\BOOKMARK [1][-]{section*.28}{\376\377\000C\000o\000n\000c\000l\000u\000s\000i\000o\000n\000\040\000e\000t\000\040\000p\000e\000r\000s\000p\000e\000c\000t\000i\000v\000e\000s}{}% 22
\BOOKMARK [1][-]{section*.29}{\376\377\000B\000i\000b\000l\000i\000o\000g\000r\000a\000p\000h\000i\000e}{}% 23
\BOOKMARK [1][-]{section*.30}{\376\377\000R\000\351\000s\000u\000m\000\351}{}% 24
\BOOKMARK [1][-]{section*.31}{\376\377\000A\000b\000s\000t\000r\000a\000c\000t}{}% 25
\BOOKMARK [1][-]{section*.32}{\376\377\000A\000n\000n\000e\000x\000e\000\040\0001\000\040\000:\000\040\000S\000c\000r\000i\000p\000t\000\040\000R\000\040\000p\000o\000u\000r\000\040\000l\000'\000a\000n\000a\000l\000y\000s\000e\000\040\000R\000N\000A\000s\000e\000q\000\040\000v\000i\000a\000\040\000D\000E\000S\000e\000q\0002}{}% 26
\BOOKMARK [1][-]{section*.33}{\376\377\000A\000n\000n\000e\000x\000e\000\040\0002\000\040\000:\000\040\000S\000c\000r\000i\000p\000t\000s\000\040\000R\000\040\000p\000o\000u\000r\000\040\000l\000'\000a\000p\000p\000l\000i\000c\000a\000t\000i\000o\000n\000\040\000S\000h\000i\000n\000y}{}% 27
\BOOKMARK [2][-]{section*.34}{\376\377\000U\000s\000e\000r\000\040\000I\000n\000t\000e\000r\000f\000a\000c\000e}{section*.33}% 28
\BOOKMARK [2][-]{section*.35}{\376\377\000S\000e\000r\000v\000e\000r}{section*.33}% 29
\BOOKMARK [2][-]{section*.36}{\376\377\000F\000o\000n\000c\000t\000i\000o\000n\000s}{section*.33}% 30
